Environment variables:
  - Apple_PubSub_Socket_Render=/private/tmp/com.apple.launchd.1ICmteH5sf/Render
  - HOME=/Users/whfeng
  - JAVA_HOME=/Users/whfeng/Downloads/sonar-scanner-3.0.3.778-macosx/jre
  - JAVA_MAIN_CLASS_7249=org.sonarsource.scanner.cli.Main
  - LC_CTYPE=UTF-8
  - LOGNAME=whfeng
  - PATH=/usr/local/bin:/usr/bin:/bin:/usr/sbin:/sbin:/Users/whfeng/Downloads/sonar-scanner-3.0.3.778-macosx/bin
  - PWD=/Users/whfeng/Documents/Demo/computer
  - SHELL=/bin/bash
  - SHLVL=1
  - SSH_AUTH_SOCK=/private/tmp/com.apple.launchd.eSlITGy72u/Listeners
  - TERM=xterm-256color
  - TERM_PROGRAM=Apple_Terminal
  - TERM_PROGRAM_VERSION=388.1
  - TERM_SESSION_ID=AFCEFD7A-5B75-4683-BA26-ACA60889E515
  - TMPDIR=/var/folders/n6/tbj_styx53b6kbqw5swrq44c0000gn/T/
  - USER=whfeng
  - XPC_FLAGS=0x0
  - XPC_SERVICE_NAME=0
  - __CF_USER_TEXT_ENCODING=0x1F5:0x0:0x0
System properties:
  - awt.toolkit=sun.lwawt.macosx.LWCToolkit
  - file.encoding=UTF-8
  - file.encoding.pkg=sun.io
  - file.separator=/
  - ftp.nonProxyHosts=local|*.local|169.254/16|*.169.254/16
  - gopherProxySet=false
  - http.nonProxyHosts=local|*.local|169.254/16|*.169.254/16
  - java.awt.graphicsenv=sun.awt.CGraphicsEnvironment
  - java.awt.headless=true
  - java.awt.printerjob=sun.lwawt.macosx.CPrinterJob
  - java.class.path=/Users/whfeng/Downloads/sonar-scanner-3.0.3.778-macosx/lib/sonar-scanner-cli-3.0.3.778.jar
  - java.class.version=52.0
  - java.endorsed.dirs=/Users/whfeng/Downloads/sonar-scanner-3.0.3.778-macosx/jre/lib/endorsed
  - java.ext.dirs=/Users/whfeng/Library/Java/Extensions:/Users/whfeng/Downloads/sonar-scanner-3.0.3.778-macosx/jre/lib/ext:/Library/Java/Extensions:/Network/Library/Java/Extensions:/System/Library/Java/Extensions:/usr/lib/java
  - java.home=/Users/whfeng/Downloads/sonar-scanner-3.0.3.778-macosx/jre
  - java.io.tmpdir=/var/folders/n6/tbj_styx53b6kbqw5swrq44c0000gn/T/
  - java.library.path=/Users/whfeng/Library/Java/Extensions:/Library/Java/Extensions:/Network/Library/Java/Extensions:/System/Library/Java/Extensions:/usr/lib/java:.
  - java.runtime.name=Java(TM) SE Runtime Environment
  - java.runtime.version=1.8.0_121-b13
  - java.specification.name=Java Platform API Specification
  - java.specification.vendor=Oracle Corporation
  - java.specification.version=1.8
  - java.vendor=Oracle Corporation
  - java.vendor.url=http://java.oracle.com/
  - java.vendor.url.bug=http://bugreport.sun.com/bugreport/
  - java.version=1.8.0_121
  - java.vm.info=mixed mode
  - java.vm.name=Java HotSpot(TM) 64-Bit Server VM
  - java.vm.specification.name=Java Virtual Machine Specification
  - java.vm.specification.vendor=Oracle Corporation
  - java.vm.specification.version=1.8
  - java.vm.vendor=Oracle Corporation
  - java.vm.version=25.121-b13
  - line.separator=

  - os.arch=x86_64
  - os.name=Mac OS X
  - os.version=10.12.5
  - path.separator=:
  - project.home=/Users/whfeng/Documents/Demo/computer
  - scanner.home=/Users/whfeng/Downloads/sonar-scanner-3.0.3.778-macosx
  - socksNonProxyHosts=local|*.local|169.254/16|*.169.254/16
  - sun.arch.data.model=64
  - sun.boot.class.path=/Users/whfeng/Downloads/sonar-scanner-3.0.3.778-macosx/jre/lib/resources.jar:/Users/whfeng/Downloads/sonar-scanner-3.0.3.778-macosx/jre/lib/rt.jar:/Users/whfeng/Downloads/sonar-scanner-3.0.3.778-macosx/jre/lib/sunrsasign.jar:/Users/whfeng/Downloads/sonar-scanner-3.0.3.778-macosx/jre/lib/jsse.jar:/Users/whfeng/Downloads/sonar-scanner-3.0.3.778-macosx/jre/lib/jce.jar:/Users/whfeng/Downloads/sonar-scanner-3.0.3.778-macosx/jre/lib/charsets.jar:/Users/whfeng/Downloads/sonar-scanner-3.0.3.778-macosx/jre/lib/jfr.jar:/Users/whfeng/Downloads/sonar-scanner-3.0.3.778-macosx/jre/classes
  - sun.boot.library.path=/Users/whfeng/Downloads/sonar-scanner-3.0.3.778-macosx/jre/lib
  - sun.cpu.endian=little
  - sun.cpu.isalist=
  - sun.io.unicode.encoding=UnicodeBig
  - sun.java.command=org.sonarsource.scanner.cli.Main -Dsonar.projectKey=whfeng -Dsonar.sources=./src -Dsonar.host.url=http://localhost:9000 -Dsonar.login=1c973d6c6566900e4fda4c46e215735481b0af25 -Dsonar.java.binaries=./target/classes -X
  - sun.java.launcher=SUN_STANDARD
  - sun.jnu.encoding=UTF-8
  - sun.management.compiler=HotSpot 64-Bit Tiered Compilers
  - sun.os.patch.level=unknown
  - user.country=US
  - user.country.format=CN
  - user.dir=/Users/whfeng/Documents/Demo/computer
  - user.home=/Users/whfeng
  - user.language=en
  - user.name=whfeng
  - user.timezone=Asia/Shanghai
SonarQube plugins:
  - SonarC# 6.5.0.3766 (csharp)
  - SonarPython 1.8.0.1496 (python)
  - SonarJava 4.15.0.12310 (java)
  - Flex 2.3 (flex)
  - SonarQube :: Plugins :: SCM :: Git 1.3.0.869 (scmgit)
  - SonarXML 1.4.3.1027 (xml)
  - SonarPHP 2.11.0.2485 (php)
  - SonarTS 1.1.0.1079 (typescript)
  - SonarQube :: Plugins :: SCM :: SVN 1.6.0.860 (scmsvn)
  - SonarJS 3.2.0.5506 (javascript)
Global properties:
  - sonar.core.id=AWCLaTTnBKXRNWcbuYAL
  - sonar.core.startTime=2017-12-25T10:03:35+0800
Settings for module: whfeng
  - sonar.host.url=http://localhost:9000
  - sonar.java.binaries=./target/classes
  - sonar.login=******
  - sonar.projectBaseDir=/Users/whfeng/Documents/Demo/computer
  - sonar.projectKey=whfeng
  - sonar.sourceEncoding=UTF-8
  - sonar.sources=./src
  - sonar.verbose=true
  - sonar.working.directory=/Users/whfeng/Documents/Demo/computer/.scannerwork
